<?xml version="1.0" encoding="UTF-8"?>
<!-- Generated by org.testng.reporters.JUnitXMLReporter -->
<testsuite ignored="9" hostname="surendragangwar" failures="1" tests="1" name="Default test" time="0.257" errors="0" timestamp="2023-01-19T17:06:49 IST">
  <testcase classname="centralvista.Forself" name="addRsMemValidAadhar" time="0.127">
    <failure type="java.lang.NullPointerException" message="Cannot invoke &amp;quot;org.openqa.selenium.WebDriver.navigate()&amp;quot; because the return value of &amp;quot;centralvista.Init.getDriver()&amp;quot; is null">
      <![CDATA[java.lang.NullPointerException: Cannot invoke "org.openqa.selenium.WebDriver.navigate()" because the return value of "centralvista.Init.getDriver()" is null
at centralvista.Forself.addRsMemValidAadhar(Forself.java:210)
at java.base/jdk.internal.reflect.NativeMethodAccessorImpl.invoke0(Native Method)
at java.base/jdk.internal.reflect.NativeMethodAccessorImpl.invoke(NativeMethodAccessorImpl.java:77)
at java.base/jdk.internal.reflect.DelegatingMethodAccessorImpl.invoke(DelegatingMethodAccessorImpl.java:43)
at java.base/java.lang.reflect.Method.invoke(Method.java:568)
at org.testng.internal.invokers.MethodInvocationHelper.invokeMethod(MethodInvocationHelper.java:139)
at org.testng.internal.invokers.TestInvoker.invokeMethod(TestInvoker.java:677)
at org.testng.internal.invokers.TestInvoker.invokeTestMethod(TestInvoker.java:221)
at org.testng.internal.invokers.MethodRunner.runInSequence(MethodRunner.java:50)
at org.testng.internal.invokers.TestInvoker$MethodInvocationAgent.invoke(TestInvoker.java:969)
at org.testng.internal.invokers.TestInvoker.invokeTestMethods(TestInvoker.java:194)
at org.testng.internal.invokers.TestMethodWorker.invokeTestMethods(TestMethodWorker.java:148)
at org.testng.internal.invokers.TestMethodWorker.run(TestMethodWorker.java:128)
at java.base/java.util.ArrayList.forEach(ArrayList.java:1511)
at org.testng.TestRunner.privateRun(TestRunner.java:829)
at org.testng.TestRunner.run(TestRunner.java:602)
at org.testng.SuiteRunner.runTest(SuiteRunner.java:437)
at org.testng.SuiteRunner.runSequentially(SuiteRunner.java:431)
at org.testng.SuiteRunner.privateRun(SuiteRunner.java:391)
at org.testng.SuiteRunner.run(SuiteRunner.java:330)
at org.testng.SuiteRunnerWorker.runSuite(SuiteRunnerWorker.java:52)
at org.testng.SuiteRunnerWorker.run(SuiteRunnerWorker.java:95)
at org.testng.TestNG.runSuitesSequentially(TestNG.java:1256)
at org.testng.TestNG.runSuitesLocally(TestNG.java:1176)
at org.testng.TestNG.runSuites(TestNG.java:1099)
at org.testng.TestNG.run(TestNG.java:1067)
at org.testng.remote.AbstractRemoteTestNG.run(AbstractRemoteTestNG.java:115)
at org.testng.remote.RemoteTestNG.initAndRun(RemoteTestNG.java:251)
at org.testng.remote.RemoteTestNG.main(RemoteTestNG.java:77)
]]>
    </failure>
  </testcase> <!-- addRsMemValidAadhar -->
  <testcase classname="centralvista.Forself" name="validlogin" time="0.0">
    <ignored/>
  </testcase> <!-- validlogin -->
  <testcase classname="centralvista.Forself" name="addRsMemAllZeroAadhar" time="0.0">
    <ignored/>
  </testcase> <!-- addRsMemAllZeroAadhar -->
  <testcase classname="centralvista.Forself" name="addRsMemOnlyAlphaAadhar" time="0.0">
    <ignored/>
  </testcase> <!-- addRsMemOnlyAlphaAadhar -->
  <testcase classname="centralvista.Forself" name="addlsmemMinname" time="0.0">
    <ignored/>
  </testcase> <!-- addlsmemMinname -->
  <testcase classname="centralvista.Forself" name="addRsMemStartzeroAadhaar" time="0.0">
    <ignored/>
  </testcase> <!-- addRsMemStartzeroAadhaar -->
  <testcase classname="centralvista.Forself" name="addRsMemMaxAadhaar" time="0.0">
    <ignored/>
  </testcase> <!-- addRsMemMaxAadhaar -->
  <testcase classname="centralvista.Forself" name="addRsMemOnlyspaceAadhar" time="0.0">
    <ignored/>
  </testcase> <!-- addRsMemOnlyspaceAadhar -->
  <testcase classname="centralvista.Forself" name="addRsMemadharmin" time="0.0">
    <ignored/>
  </testcase> <!-- addRsMemadharmin -->
  <testcase classname="centralvista.Forself" name="addRsMemSpclcharAadhar" time="0.0">
    <ignored/>
  </testcase> <!-- addRsMemSpclcharAadhar -->
</testsuite> <!-- Default test -->
