<?xml version="1.0" encoding="UTF-8"?>
<!-- Generated by org.testng.reporters.JUnitXMLReporter -->
<testsuite ignored="0" hostname="surendragangwar" failures="0" tests="12" name="Central Vista" time="0.117" errors="0" timestamp="2023-01-16T14:28:16 IST">
  <testcase classname="centralvista.Init" name="@BeforeSuite setup" time="6.681">
    <failure type="org.openqa.selenium.WebDriverException" message="unknown error: net::ERR_CONNECTION_REFUSED
  (Session info: chrome=108.0.5359.125)
Build info: version: &amp;apos;4.7.2&amp;apos;, revision: &amp;apos;4d4020c3b7&amp;apos;
System info: os.name: &amp;apos;Windows 11&amp;apos;, os.arch: &amp;apos;amd64&amp;apos;, os.version: &amp;apos;10.0&amp;apos;, java.version: &amp;apos;17.0.3&amp;apos;
Driver info: org.openqa.selenium.chrome.ChromeDriver
Command: [f3d5598e4c0183187322df599722703c, get {url=http://localhost:8090/#/login}]
Capabilities {acceptInsecureCerts: false, browserName: chrome, browserVersion: 108.0.5359.125, chrome: {chromedriverVersion: 108.0.5359.71 (1e0e3868ee06..., userDataDir: C:\Users\SUREND~1\AppData\L...}, goog:chromeOptions: {debuggerAddress: localhost:53891}, networkConnectionEnabled: false, pageLoadStrategy: normal, platformName: WINDOWS, proxy: Proxy(), se:cdp: ws://localhost:53891/devtoo..., se:cdpVersion: 108.0.5359.125, setWindowRect: true, strictFileInteractability: false, timeouts: {implicit: 0, pageLoad: 300000, script: 30000}, unhandledPromptBehavior: dismiss and notify, webauthn:extension:credBlob: true, webauthn:extension:largeBlob: true, webauthn:virtualAuthenticators: true}
Session ID: f3d5598e4c0183187322df599722703c">
      <![CDATA[org.openqa.selenium.WebDriverException: unknown error: net::ERR_CONNECTION_REFUSED
  (Session info: chrome=108.0.5359.125)
Build info: version: '4.7.2', revision: '4d4020c3b7'
System info: os.name: 'Windows 11', os.arch: 'amd64', os.version: '10.0', java.version: '17.0.3'
Driver info: org.openqa.selenium.chrome.ChromeDriver
Command: [f3d5598e4c0183187322df599722703c, get {url=http://localhost:8090/#/login}]
Capabilities {acceptInsecureCerts: false, browserName: chrome, browserVersion: 108.0.5359.125, chrome: {chromedriverVersion: 108.0.5359.71 (1e0e3868ee06..., userDataDir: C:\Users\SUREND~1\AppData\L...}, goog:chromeOptions: {debuggerAddress: localhost:53891}, networkConnectionEnabled: false, pageLoadStrategy: normal, platformName: WINDOWS, proxy: Proxy(), se:cdp: ws://localhost:53891/devtoo..., se:cdpVersion: 108.0.5359.125, setWindowRect: true, strictFileInteractability: false, timeouts: {implicit: 0, pageLoad: 300000, script: 30000}, unhandledPromptBehavior: dismiss and notify, webauthn:extension:credBlob: true, webauthn:extension:largeBlob: true, webauthn:virtualAuthenticators: true}
Session ID: f3d5598e4c0183187322df599722703c
at org.openqa.selenium.remote.codec.w3c.W3CHttpResponseCodec.createException(W3CHttpResponseCodec.java:200)
at org.openqa.selenium.remote.codec.w3c.W3CHttpResponseCodec.decode(W3CHttpResponseCodec.java:133)
at org.openqa.selenium.remote.codec.w3c.W3CHttpResponseCodec.decode(W3CHttpResponseCodec.java:53)
at org.openqa.selenium.remote.HttpCommandExecutor.execute(HttpCommandExecutor.java:184)
at org.openqa.selenium.remote.service.DriverCommandExecutor.invokeExecute(DriverCommandExecutor.java:167)
at org.openqa.selenium.remote.service.DriverCommandExecutor.execute(DriverCommandExecutor.java:142)
at org.openqa.selenium.remote.RemoteWebDriver.execute(RemoteWebDriver.java:535)
at org.openqa.selenium.remote.RemoteWebDriver.get(RemoteWebDriver.java:296)
at centralvista.Init.setup(Init.java:26)
... Removed 24 stack frames]]>
    </failure>
  </testcase> <!-- @BeforeSuite setup -->
  <testcase classname="centralvista.Login" name="CheckTitle" time="0.0">
    <skipped/>
  </testcase> <!-- CheckTitle -->
  <testcase classname="centralvista.Login" name="validlogin" time="0.0">
    <skipped/>
  </testcase> <!-- validlogin -->
  <testcase classname="centralvista.LoksabhaMemberRegistration" name="verifytitleLokSabhadashboard" time="0.0">
    <skipped/>
  </testcase> <!-- verifytitleLokSabhadashboard -->
  <testcase classname="centralvista.LoksabhaMemberRegistration" name="verifylabelSidemenuoption1" time="0.0">
    <skipped/>
  </testcase> <!-- verifylabelSidemenuoption1 -->
  <testcase classname="centralvista.LoksabhaMemberRegistration" name="verifylabelSidemenuoption2" time="0.0">
    <skipped/>
  </testcase> <!-- verifylabelSidemenuoption2 -->
  <testcase classname="centralvista.LoksabhaMemberRegistration" name="verifylabelSidemenuoption3" time="0.0">
    <skipped/>
  </testcase> <!-- verifylabelSidemenuoption3 -->
  <testcase classname="centralvista.LoksabhaMemberRegistration" name="verifylabelSidemenuoption4" time="0.0">
    <skipped/>
  </testcase> <!-- verifylabelSidemenuoption4 -->
  <testcase classname="centralvista.LoksabhaMemberRegistration" name="verifyHeader" time="0.0">
    <skipped/>
  </testcase> <!-- verifyHeader -->
  <testcase classname="centralvista.LoksabhaMemberRegistration" name="viewLokSabhaMPlist" time="0.0">
    <skipped/>
  </testcase> <!-- viewLokSabhaMPlist -->
  <testcase classname="centralvista.LoksabhaMemberRegistration" name="viewNoofRegisteredMP" time="0.0">
    <skipped/>
  </testcase> <!-- viewNoofRegisteredMP -->
  <testcase classname="centralvista.LoksabhaMemberRegistration" name="sortbyusername_asc" time="0.0">
    <skipped/>
  </testcase> <!-- sortbyusername_asc -->
  <testcase classname="centralvista.LoksabhaMemberRegistration" name="sortbyusername_dsc" time="0.0">
    <skipped/>
  </testcase> <!-- sortbyusername_dsc -->
</testsuite> <!-- Central Vista -->
