<?xml version="1.0" encoding="UTF-8"?>
<!-- Generated by org.testng.reporters.JUnitXMLReporter -->
<testsuite ignored="0" hostname="surendragangwar" failures="0" tests="266" name="Test" time="1.588" errors="0" timestamp="2023-01-19T17:10:22 IST">
  <testcase classname="centralvista.Init" name="@BeforeSuite beforeSuite" time="6.08">
    <failure type="org.openqa.selenium.WebDriverException" message="unknown error: net::ERR_CONNECTION_REFUSED
  (Session info: chrome=109.0.5414.75)
Build info: version: &amp;apos;4.7.2&amp;apos;, revision: &amp;apos;4d4020c3b7&amp;apos;
System info: os.name: &amp;apos;Windows 11&amp;apos;, os.arch: &amp;apos;amd64&amp;apos;, os.version: &amp;apos;10.0&amp;apos;, java.version: &amp;apos;17.0.3&amp;apos;
Driver info: org.openqa.selenium.chrome.ChromeDriver
Command: [aa7617dfcecdc44df88dd3a0a71f5ef0, get {url=http://10.21.197.162:4200}]
Capabilities {acceptInsecureCerts: false, browserName: chrome, browserVersion: 109.0.5414.75, chrome: {chromedriverVersion: 108.0.5359.71 (1e0e3868ee06..., userDataDir: C:\Users\SUREND~1\AppData\L...}, goog:chromeOptions: {debuggerAddress: localhost:60699}, networkConnectionEnabled: false, pageLoadStrategy: normal, platformName: WINDOWS, proxy: Proxy(), se:cdp: ws://localhost:60699/devtoo..., se:cdpVersion: 109.0.5414.75, setWindowRect: true, strictFileInteractability: false, timeouts: {implicit: 0, pageLoad: 300000, script: 30000}, unhandledPromptBehavior: dismiss and notify, webauthn:extension:credBlob: true, webauthn:extension:largeBlob: true, webauthn:virtualAuthenticators: true}
Session ID: aa7617dfcecdc44df88dd3a0a71f5ef0">
      <![CDATA[org.openqa.selenium.WebDriverException: unknown error: net::ERR_CONNECTION_REFUSED
  (Session info: chrome=109.0.5414.75)
Build info: version: '4.7.2', revision: '4d4020c3b7'
System info: os.name: 'Windows 11', os.arch: 'amd64', os.version: '10.0', java.version: '17.0.3'
Driver info: org.openqa.selenium.chrome.ChromeDriver
Command: [aa7617dfcecdc44df88dd3a0a71f5ef0, get {url=http://10.21.197.162:4200}]
Capabilities {acceptInsecureCerts: false, browserName: chrome, browserVersion: 109.0.5414.75, chrome: {chromedriverVersion: 108.0.5359.71 (1e0e3868ee06..., userDataDir: C:\Users\SUREND~1\AppData\L...}, goog:chromeOptions: {debuggerAddress: localhost:60699}, networkConnectionEnabled: false, pageLoadStrategy: normal, platformName: WINDOWS, proxy: Proxy(), se:cdp: ws://localhost:60699/devtoo..., se:cdpVersion: 109.0.5414.75, setWindowRect: true, strictFileInteractability: false, timeouts: {implicit: 0, pageLoad: 300000, script: 30000}, unhandledPromptBehavior: dismiss and notify, webauthn:extension:credBlob: true, webauthn:extension:largeBlob: true, webauthn:virtualAuthenticators: true}
Session ID: aa7617dfcecdc44df88dd3a0a71f5ef0
at org.openqa.selenium.remote.codec.w3c.W3CHttpResponseCodec.createException(W3CHttpResponseCodec.java:200)
at org.openqa.selenium.remote.codec.w3c.W3CHttpResponseCodec.decode(W3CHttpResponseCodec.java:133)
at org.openqa.selenium.remote.codec.w3c.W3CHttpResponseCodec.decode(W3CHttpResponseCodec.java:53)
at org.openqa.selenium.remote.HttpCommandExecutor.execute(HttpCommandExecutor.java:184)
at org.openqa.selenium.remote.service.DriverCommandExecutor.invokeExecute(DriverCommandExecutor.java:167)
at org.openqa.selenium.remote.service.DriverCommandExecutor.execute(DriverCommandExecutor.java:142)
at org.openqa.selenium.remote.RemoteWebDriver.execute(RemoteWebDriver.java:535)
at org.openqa.selenium.remote.RemoteWebDriver.get(RemoteWebDriver.java:296)
at centralvista.Init.beforeSuite(Init.java:27)
... Removed 24 stack frames]]>
    </failure>
  </testcase> <!-- @BeforeSuite beforeSuite -->
  <testcase classname="centralvista.Login" name="CheckTitle" time="0.0">
    <skipped/>
  </testcase> <!-- CheckTitle -->
  <testcase classname="centralvista.Login" name="invalidlogin19" time="0.0">
    <skipped/>
  </testcase> <!-- invalidlogin19 -->
  <testcase classname="centralvista.Login" name="validlogin" time="0.0">
    <skipped/>
  </testcase> <!-- validlogin -->
  <testcase classname="centralvista.LoksabhaMemberRegistration" name="addlsmemAttherateatend" time="0.0">
    <skipped/>
  </testcase> <!-- addlsmemAttherateatend -->
  <testcase classname="centralvista.LoksabhaMemberRegistration" name="addlsmemAttherateatstart" time="0.0">
    <skipped/>
  </testcase> <!-- addlsmemAttherateatstart -->
  <testcase classname="centralvista.LoksabhaMemberRegistration" name="addlsmemBloodgroup" time="0.0">
    <skipped/>
  </testcase> <!-- addlsmemBloodgroup -->
  <testcase classname="centralvista.LoksabhaMemberRegistration" name="addlsmemCancel" time="0.0">
    <skipped/>
  </testcase> <!-- addlsmemCancel -->
  <testcase classname="centralvista.LoksabhaMemberRegistration" name="addlsmemConstChandigarh" time="0.0">
    <skipped/>
  </testcase> <!-- addlsmemConstChandigarh -->
  <testcase classname="centralvista.LoksabhaMemberRegistration" name="addlsmemConstandaman" time="0.0">
    <skipped/>
  </testcase> <!-- addlsmemConstandaman -->
  <testcase classname="centralvista.LoksabhaMemberRegistration" name="addlsmemConstap" time="0.0">
    <skipped/>
  </testcase> <!-- addlsmemConstap -->
  <testcase classname="centralvista.LoksabhaMemberRegistration" name="addlsmemConstarunachal" time="0.0">
    <skipped/>
  </testcase> <!-- addlsmemConstarunachal -->
  <testcase classname="centralvista.LoksabhaMemberRegistration" name="addlsmemConstassam" time="0.0">
    <skipped/>
  </testcase> <!-- addlsmemConstassam -->
  <testcase classname="centralvista.LoksabhaMemberRegistration" name="addlsmemConstbihar" time="0.001">
    <skipped/>
  </testcase> <!-- addlsmemConstbihar -->
  <testcase classname="centralvista.LoksabhaMemberRegistration" name="addlsmemConstituency" time="0.0">
    <skipped/>
  </testcase> <!-- addlsmemConstituency -->
  <testcase classname="centralvista.LoksabhaMemberRegistration" name="addlsmemDob" time="0.0">
    <skipped/>
  </testcase> <!-- addlsmemDob -->
  <testcase classname="centralvista.LoksabhaMemberRegistration" name="addlsmemDotatend" time="0.0">
    <skipped/>
  </testcase> <!-- addlsmemDotatend -->
  <testcase classname="centralvista.LoksabhaMemberRegistration" name="addlsmemDotatstart" time="0.0">
    <skipped/>
  </testcase> <!-- addlsmemDotatstart -->
  <testcase classname="centralvista.LoksabhaMemberRegistration" name="addlsmemEmailmax" time="0.0">
    <skipped/>
  </testcase> <!-- addlsmemEmailmax -->
  <testcase classname="centralvista.LoksabhaMemberRegistration" name="addlsmemEmailmin" time="0.0">
    <skipped/>
  </testcase> <!-- addlsmemEmailmin -->
  <testcase classname="centralvista.LoksabhaMemberRegistration" name="addlsmemEmptyConstituency" time="0.0">
    <skipped/>
  </testcase> <!-- addlsmemEmptyConstituency -->
  <testcase classname="centralvista.LoksabhaMemberRegistration" name="addlsmemEmptyPartyName" time="0.0">
    <skipped/>
  </testcase> <!-- addlsmemEmptyPartyName -->
  <testcase classname="centralvista.LoksabhaMemberRegistration" name="addlsmemEmptybg" time="0.0">
    <skipped/>
  </testcase> <!-- addlsmemEmptybg -->
  <testcase classname="centralvista.LoksabhaMemberRegistration" name="addlsmemEmptygender" time="0.0">
    <skipped/>
  </testcase> <!-- addlsmemEmptygender -->
  <testcase classname="centralvista.LoksabhaMemberRegistration" name="addlsmemEmptystate" time="0.0">
    <skipped/>
  </testcase> <!-- addlsmemEmptystate -->
  <testcase classname="centralvista.LoksabhaMemberRegistration" name="addlsmemEmptyvlaue" time="0.0">
    <skipped/>
  </testcase> <!-- addlsmemEmptyvlaue -->
  <testcase classname="centralvista.LoksabhaMemberRegistration" name="addlsmemFaxmin" time="0.0">
    <skipped/>
  </testcase> <!-- addlsmemFaxmin -->
  <testcase classname="centralvista.LoksabhaMemberRegistration" name="addlsmemGender" time="0.0">
    <skipped/>
  </testcase> <!-- addlsmemGender -->
  <testcase classname="centralvista.LoksabhaMemberRegistration" name="addlsmemMaxFax" time="0.0">
    <skipped/>
  </testcase> <!-- addlsmemMaxFax -->
  <testcase classname="centralvista.LoksabhaMemberRegistration" name="addlsmemMaxIdentificationMark" time="0.0">
    <skipped/>
  </testcase> <!-- addlsmemMaxIdentificationMark -->
  <testcase classname="centralvista.LoksabhaMemberRegistration" name="addlsmemMaxMobile" time="0.0">
    <skipped/>
  </testcase> <!-- addlsmemMaxMobile -->
  <testcase classname="centralvista.LoksabhaMemberRegistration" name="addlsmemMaxname" time="0.0">
    <skipped/>
  </testcase> <!-- addlsmemMaxname -->
  <testcase classname="centralvista.LoksabhaMemberRegistration" name="addlsmemMaxoffice" time="0.0">
    <skipped/>
  </testcase> <!-- addlsmemMaxoffice -->
  <testcase classname="centralvista.LoksabhaMemberRegistration" name="addlsmemMinIdentificationMark" time="0.0">
    <skipped/>
  </testcase> <!-- addlsmemMinIdentificationMark -->
  <testcase classname="centralvista.LoksabhaMemberRegistration" name="addlsmemMobilemin" time="0.0">
    <skipped/>
  </testcase> <!-- addlsmemMobilemin -->
  <testcase classname="centralvista.LoksabhaMemberRegistration" name="addlsmemNovalueFax" time="0.0">
    <skipped/>
  </testcase> <!-- addlsmemNovalueFax -->
  <testcase classname="centralvista.LoksabhaMemberRegistration" name="addlsmemNovaluemob" time="0.0">
    <skipped/>
  </testcase> <!-- addlsmemNovaluemob -->
  <testcase classname="centralvista.LoksabhaMemberRegistration" name="addlsmemNovalueoffc" time="0.0">
    <skipped/>
  </testcase> <!-- addlsmemNovalueoffc -->
  <testcase classname="centralvista.LoksabhaMemberRegistration" name="addlsmemNovlaue" time="0.0">
    <skipped/>
  </testcase> <!-- addlsmemNovlaue -->
  <testcase classname="centralvista.LoksabhaMemberRegistration" name="addlsmemOnlyalphabetsFax" time="0.0">
    <skipped/>
  </testcase> <!-- addlsmemOnlyalphabetsFax -->
  <testcase classname="centralvista.LoksabhaMemberRegistration" name="addlsmemOnlyalphabetsmob" time="0.0">
    <skipped/>
  </testcase> <!-- addlsmemOnlyalphabetsmob -->
  <testcase classname="centralvista.LoksabhaMemberRegistration" name="addlsmemOnlyalphabetsoffc" time="0.0">
    <skipped/>
  </testcase> <!-- addlsmemOnlyalphabetsoffc -->
  <testcase classname="centralvista.LoksabhaMemberRegistration" name="addlsmemOnlyaplusn" time="0.0">
    <skipped/>
  </testcase> <!-- addlsmemOnlyaplusn -->
  <testcase classname="centralvista.LoksabhaMemberRegistration" name="addlsmemOnlyaplusnu" time="0.0">
    <skipped/>
  </testcase> <!-- addlsmemOnlyaplusnu -->
  <testcase classname="centralvista.LoksabhaMemberRegistration" name="addlsmemOnlyapluss" time="0.0">
    <skipped/>
  </testcase> <!-- addlsmemOnlyapluss -->
  <testcase classname="centralvista.LoksabhaMemberRegistration" name="addlsmemOnlyaplusspecial" time="0.0">
    <skipped/>
  </testcase> <!-- addlsmemOnlyaplusspecial -->
  <testcase classname="centralvista.LoksabhaMemberRegistration" name="addlsmemOnlynoFax" time="0.0">
    <skipped/>
  </testcase> <!-- addlsmemOnlynoFax -->
  <testcase classname="centralvista.LoksabhaMemberRegistration" name="addlsmemOnlynomob" time="0.0">
    <skipped/>
  </testcase> <!-- addlsmemOnlynomob -->
  <testcase classname="centralvista.LoksabhaMemberRegistration" name="addlsmemOnlynooffc" time="0.0">
    <skipped/>
  </testcase> <!-- addlsmemOnlynooffc -->
  <testcase classname="centralvista.LoksabhaMemberRegistration" name="addlsmemOnlynpluss" time="0.0">
    <skipped/>
  </testcase> <!-- addlsmemOnlynpluss -->
  <testcase classname="centralvista.LoksabhaMemberRegistration" name="addlsmemOnlynplusspecial" time="0.0">
    <skipped/>
  </testcase> <!-- addlsmemOnlynplusspecial -->
  <testcase classname="centralvista.LoksabhaMemberRegistration" name="addlsmemOnlynumber" time="0.0">
    <skipped/>
  </testcase> <!-- addlsmemOnlynumber -->
  <testcase classname="centralvista.LoksabhaMemberRegistration" name="addlsmemOnlynumbers" time="0.0">
    <skipped/>
  </testcase> <!-- addlsmemOnlynumbers -->
  <testcase classname="centralvista.LoksabhaMemberRegistration" name="addlsmemOnlyspace" time="0.0">
    <skipped/>
  </testcase> <!-- addlsmemOnlyspace -->
  <testcase classname="centralvista.LoksabhaMemberRegistration" name="addlsmemOnlyspaces" time="0.0">
    <skipped/>
  </testcase> <!-- addlsmemOnlyspaces -->
  <testcase classname="centralvista.LoksabhaMemberRegistration" name="addlsmemOnlyspclcharFax" time="0.0">
    <skipped/>
  </testcase> <!-- addlsmemOnlyspclcharFax -->
  <testcase classname="centralvista.LoksabhaMemberRegistration" name="addlsmemOnlyspclcharmob" time="0.0">
    <skipped/>
  </testcase> <!-- addlsmemOnlyspclcharmob -->
  <testcase classname="centralvista.LoksabhaMemberRegistration" name="addlsmemOnlyspclcharoffc" time="0.0">
    <skipped/>
  </testcase> <!-- addlsmemOnlyspclcharoffc -->
  <testcase classname="centralvista.LoksabhaMemberRegistration" name="addlsmemOnlyspecalchar" time="0.0">
    <skipped/>
  </testcase> <!-- addlsmemOnlyspecalchar -->
  <testcase classname="centralvista.LoksabhaMemberRegistration" name="addlsmemOnlyspecialcharacter" time="0.0">
    <skipped/>
  </testcase> <!-- addlsmemOnlyspecialcharacter -->
  <testcase classname="centralvista.LoksabhaMemberRegistration" name="addlsmemPaddrflatnoemptyvlaue" time="0.0">
    <skipped/>
  </testcase> <!-- addlsmemPaddrflatnoemptyvlaue -->
  <testcase classname="centralvista.LoksabhaMemberRegistration" name="addlsmemPaddrflatnomax" time="0.0">
    <skipped/>
  </testcase> <!-- addlsmemPaddrflatnomax -->
  <testcase classname="centralvista.LoksabhaMemberRegistration" name="addlsmemPaddrflatnomin" time="0.0">
    <skipped/>
  </testcase> <!-- addlsmemPaddrflatnomin -->
  <testcase classname="centralvista.LoksabhaMemberRegistration" name="addlsmemPaddrflatnoonlyaplusnu" time="0.0">
    <skipped/>
  </testcase> <!-- addlsmemPaddrflatnoonlyaplusnu -->
  <testcase classname="centralvista.LoksabhaMemberRegistration" name="addlsmemPaddrflatnoonlyaplusspcl" time="0.0">
    <skipped/>
  </testcase> <!-- addlsmemPaddrflatnoonlyaplusspcl -->
  <testcase classname="centralvista.LoksabhaMemberRegistration" name="addlsmemPaddrflatnoonlynplusspcl" time="0.0">
    <skipped/>
  </testcase> <!-- addlsmemPaddrflatnoonlynplusspcl -->
  <testcase classname="centralvista.LoksabhaMemberRegistration" name="addlsmemPaddrflatnoonlynumbers" time="0.0">
    <skipped/>
  </testcase> <!-- addlsmemPaddrflatnoonlynumbers -->
  <testcase classname="centralvista.LoksabhaMemberRegistration" name="addlsmemPaddrflatnoonlyspaces" time="0.0">
    <skipped/>
  </testcase> <!-- addlsmemPaddrflatnoonlyspaces -->
  <testcase classname="centralvista.LoksabhaMemberRegistration" name="addlsmemPaddrflatnoonlyspclchar" time="0.0">
    <skipped/>
  </testcase> <!-- addlsmemPaddrflatnoonlyspclchar -->
  <testcase classname="centralvista.LoksabhaMemberRegistration" name="addlsmemPaddrflatnospaceatlast" time="0.0">
    <skipped/>
  </testcase> <!-- addlsmemPaddrflatnospaceatlast -->
  <testcase classname="centralvista.LoksabhaMemberRegistration" name="addlsmemPaddrflatnospaceatstart" time="0.0">
    <skipped/>
  </testcase> <!-- addlsmemPaddrflatnospaceatstart -->
  <testcase classname="centralvista.LoksabhaMemberRegistration" name="addlsmemPaddrflatnovalid" time="0.0">
    <skipped/>
  </testcase> <!-- addlsmemPaddrflatnovalid -->
  <testcase classname="centralvista.LoksabhaMemberRegistration" name="addlsmemPaddrlocalityemptyvlaue" time="0.0">
    <skipped/>
  </testcase> <!-- addlsmemPaddrlocalityemptyvlaue -->
  <testcase classname="centralvista.LoksabhaMemberRegistration" name="addlsmemPaddrlocalitymax" time="0.0">
    <skipped/>
  </testcase> <!-- addlsmemPaddrlocalitymax -->
  <testcase classname="centralvista.LoksabhaMemberRegistration" name="addlsmemPaddrlocalitymin" time="0.0">
    <skipped/>
  </testcase> <!-- addlsmemPaddrlocalitymin -->
  <testcase classname="centralvista.LoksabhaMemberRegistration" name="addlsmemPaddrlocalityonlyaplusnu" time="0.0">
    <skipped/>
  </testcase> <!-- addlsmemPaddrlocalityonlyaplusnu -->
  <testcase classname="centralvista.LoksabhaMemberRegistration" name="addlsmemPaddrlocalityonlyaplusspcl" time="0.0">
    <skipped/>
  </testcase> <!-- addlsmemPaddrlocalityonlyaplusspcl -->
  <testcase classname="centralvista.LoksabhaMemberRegistration" name="addlsmemPaddrlocalityonlynplusspcl" time="0.0">
    <skipped/>
  </testcase> <!-- addlsmemPaddrlocalityonlynplusspcl -->
  <testcase classname="centralvista.LoksabhaMemberRegistration" name="addlsmemPaddrlocalityonlynumbers" time="0.0">
    <skipped/>
  </testcase> <!-- addlsmemPaddrlocalityonlynumbers -->
  <testcase classname="centralvista.LoksabhaMemberRegistration" name="addlsmemPaddrlocalityonlyspaces" time="0.0">
    <skipped/>
  </testcase> <!-- addlsmemPaddrlocalityonlyspaces -->
  <testcase classname="centralvista.LoksabhaMemberRegistration" name="addlsmemPaddrlocalityonlyspclchar" time="0.0">
    <skipped/>
  </testcase> <!-- addlsmemPaddrlocalityonlyspclchar -->
  <testcase classname="centralvista.LoksabhaMemberRegistration" name="addlsmemPaddrlocalityspaceatlast" time="0.0">
    <skipped/>
  </testcase> <!-- addlsmemPaddrlocalityspaceatlast -->
  <testcase classname="centralvista.LoksabhaMemberRegistration" name="addlsmemPaddrlocalityspaceatstart" time="0.0">
    <skipped/>
  </testcase> <!-- addlsmemPaddrlocalityspaceatstart -->
  <testcase classname="centralvista.LoksabhaMemberRegistration" name="addlsmemPaddrlocalityvalid" time="0.0">
    <skipped/>
  </testcase> <!-- addlsmemPaddrlocalityvalid -->
  <testcase classname="centralvista.LoksabhaMemberRegistration" name="addlsmemParty" time="0.0">
    <skipped/>
  </testcase> <!-- addlsmemParty -->
  <testcase classname="centralvista.LoksabhaMemberRegistration" name="addlsmemPeraddrcitynovlaue" time="0.0">
    <skipped/>
  </testcase> <!-- addlsmemPeraddrcitynovlaue -->
  <testcase classname="centralvista.LoksabhaMemberRegistration" name="addlsmemPeraddrcityonlyaplusn" time="0.0">
    <skipped/>
  </testcase> <!-- addlsmemPeraddrcityonlyaplusn -->
  <testcase classname="centralvista.LoksabhaMemberRegistration" name="addlsmemPeraddrcityonlyapluss" time="0.0">
    <skipped/>
  </testcase> <!-- addlsmemPeraddrcityonlyapluss -->
  <testcase classname="centralvista.LoksabhaMemberRegistration" name="addlsmemPeraddrcityonlynpluss" time="0.0">
    <skipped/>
  </testcase> <!-- addlsmemPeraddrcityonlynpluss -->
  <testcase classname="centralvista.LoksabhaMemberRegistration" name="addlsmemPeraddrcityonlynumber" time="0.0">
    <skipped/>
  </testcase> <!-- addlsmemPeraddrcityonlynumber -->
  <testcase classname="centralvista.LoksabhaMemberRegistration" name="addlsmemPeraddrcityonlyspace" time="0.0">
    <skipped/>
  </testcase> <!-- addlsmemPeraddrcityonlyspace -->
  <testcase classname="centralvista.LoksabhaMemberRegistration" name="addlsmemPeraddrcityonlyspclchars" time="0.0">
    <skipped/>
  </testcase> <!-- addlsmemPeraddrcityonlyspclchars -->
  <testcase classname="centralvista.LoksabhaMemberRegistration" name="addlsmemPeraddrcityspaceatend" time="0.0">
    <skipped/>
  </testcase> <!-- addlsmemPeraddrcityspaceatend -->
  <testcase classname="centralvista.LoksabhaMemberRegistration" name="addlsmemPeraddrcityspaceatstarts" time="0.0">
    <skipped/>
  </testcase> <!-- addlsmemPeraddrcityspaceatstarts -->
  <testcase classname="centralvista.LoksabhaMemberRegistration" name="addlsmemPeraddremptystate" time="0.0">
    <skipped/>
  </testcase> <!-- addlsmemPeraddremptystate -->
  <testcase classname="centralvista.LoksabhaMemberRegistration" name="addlsmemPeraddrflatnoemptyvlaue" time="0.0">
    <skipped/>
  </testcase> <!-- addlsmemPeraddrflatnoemptyvlaue -->
  <testcase classname="centralvista.LoksabhaMemberRegistration" name="addlsmemPeraddrflatnomax" time="0.0">
    <skipped/>
  </testcase> <!-- addlsmemPeraddrflatnomax -->
  <testcase classname="centralvista.LoksabhaMemberRegistration" name="addlsmemPeraddrflatnomin" time="0.0">
    <skipped/>
  </testcase> <!-- addlsmemPeraddrflatnomin -->
  <testcase classname="centralvista.LoksabhaMemberRegistration" name="addlsmemPeraddrflatnoonlyaplusnu" time="0.0">
    <skipped/>
  </testcase> <!-- addlsmemPeraddrflatnoonlyaplusnu -->
  <testcase classname="centralvista.LoksabhaMemberRegistration" name="addlsmemPeraddrflatnoonlyaplusspcl" time="0.0">
    <skipped/>
  </testcase> <!-- addlsmemPeraddrflatnoonlyaplusspcl -->
  <testcase classname="centralvista.LoksabhaMemberRegistration" name="addlsmemPeraddrflatnoonlynplusspcl" time="0.0">
    <skipped/>
  </testcase> <!-- addlsmemPeraddrflatnoonlynplusspcl -->
  <testcase classname="centralvista.LoksabhaMemberRegistration" name="addlsmemPeraddrflatnoonlynumbers" time="0.0">
    <skipped/>
  </testcase> <!-- addlsmemPeraddrflatnoonlynumbers -->
  <testcase classname="centralvista.LoksabhaMemberRegistration" name="addlsmemPeraddrflatnoonlyspaces" time="0.0">
    <skipped/>
  </testcase> <!-- addlsmemPeraddrflatnoonlyspaces -->
  <testcase classname="centralvista.LoksabhaMemberRegistration" name="addlsmemPeraddrflatnoonlyspclchar" time="0.0">
    <skipped/>
  </testcase> <!-- addlsmemPeraddrflatnoonlyspclchar -->
  <testcase classname="centralvista.LoksabhaMemberRegistration" name="addlsmemPeraddrflatnospaceatlast" time="0.0">
    <skipped/>
  </testcase> <!-- addlsmemPeraddrflatnospaceatlast -->
  <testcase classname="centralvista.LoksabhaMemberRegistration" name="addlsmemPeraddrflatnospaceatstart" time="0.0">
    <skipped/>
  </testcase> <!-- addlsmemPeraddrflatnospaceatstart -->
  <testcase classname="centralvista.LoksabhaMemberRegistration" name="addlsmemPeraddrflatnovalid" time="0.0">
    <skipped/>
  </testcase> <!-- addlsmemPeraddrflatnovalid -->
  <testcase classname="centralvista.LoksabhaMemberRegistration" name="addlsmemPeraddrlocalityemptyvlaue" time="0.0">
    <skipped/>
  </testcase> <!-- addlsmemPeraddrlocalityemptyvlaue -->
  <testcase classname="centralvista.LoksabhaMemberRegistration" name="addlsmemPeraddrlocalitymax" time="0.0">
    <skipped/>
  </testcase> <!-- addlsmemPeraddrlocalitymax -->
  <testcase classname="centralvista.LoksabhaMemberRegistration" name="addlsmemPeraddrlocalitymin" time="0.0">
    <skipped/>
  </testcase> <!-- addlsmemPeraddrlocalitymin -->
  <testcase classname="centralvista.LoksabhaMemberRegistration" name="addlsmemPeraddrlocalityonlyaplusnu" time="0.0">
    <skipped/>
  </testcase> <!-- addlsmemPeraddrlocalityonlyaplusnu -->
  <testcase classname="centralvista.LoksabhaMemberRegistration" name="addlsmemPeraddrlocalityonlyaplusspcl" time="0.0">
    <skipped/>
  </testcase> <!-- addlsmemPeraddrlocalityonlyaplusspcl -->
  <testcase classname="centralvista.LoksabhaMemberRegistration" name="addlsmemPeraddrlocalityonlynplusspcl" time="0.0">
    <skipped/>
  </testcase> <!-- addlsmemPeraddrlocalityonlynplusspcl -->
  <testcase classname="centralvista.LoksabhaMemberRegistration" name="addlsmemPeraddrlocalityonlynumbers" time="0.0">
    <skipped/>
  </testcase> <!-- addlsmemPeraddrlocalityonlynumbers -->
  <testcase classname="centralvista.LoksabhaMemberRegistration" name="addlsmemPeraddrlocalityonlyspaces" time="0.0">
    <skipped/>
  </testcase> <!-- addlsmemPeraddrlocalityonlyspaces -->
  <testcase classname="centralvista.LoksabhaMemberRegistration" name="addlsmemPeraddrlocalityonlyspclchar" time="0.0">
    <skipped/>
  </testcase> <!-- addlsmemPeraddrlocalityonlyspclchar -->
  <testcase classname="centralvista.LoksabhaMemberRegistration" name="addlsmemPeraddrlocalityspaceatlast" time="0.0">
    <skipped/>
  </testcase> <!-- addlsmemPeraddrlocalityspaceatlast -->
  <testcase classname="centralvista.LoksabhaMemberRegistration" name="addlsmemPeraddrlocalityspaceatstart" time="0.0">
    <skipped/>
  </testcase> <!-- addlsmemPeraddrlocalityspaceatstart -->
  <testcase classname="centralvista.LoksabhaMemberRegistration" name="addlsmemPeraddrlocalityvalid" time="0.0">
    <skipped/>
  </testcase> <!-- addlsmemPeraddrlocalityvalid -->
  <testcase classname="centralvista.LoksabhaMemberRegistration" name="addlsmemPeraddrmaxCity" time="0.0">
    <skipped/>
  </testcase> <!-- addlsmemPeraddrmaxCity -->
  <testcase classname="centralvista.LoksabhaMemberRegistration" name="addlsmemPeraddrmaxPinCode" time="0.0">
    <skipped/>
  </testcase> <!-- addlsmemPeraddrmaxPinCode -->
  <testcase classname="centralvista.LoksabhaMemberRegistration" name="addlsmemPeraddrminCity" time="0.0">
    <skipped/>
  </testcase> <!-- addlsmemPeraddrminCity -->
  <testcase classname="centralvista.LoksabhaMemberRegistration" name="addlsmemPeraddrminPinCode" time="0.0">
    <skipped/>
  </testcase> <!-- addlsmemPeraddrminPinCode -->
  <testcase classname="centralvista.LoksabhaMemberRegistration" name="addlsmemPeraddrpincodenovlaue" time="0.0">
    <skipped/>
  </testcase> <!-- addlsmemPeraddrpincodenovlaue -->
  <testcase classname="centralvista.LoksabhaMemberRegistration" name="addlsmemPeraddrpincodeonlyaplusn" time="0.0">
    <skipped/>
  </testcase> <!-- addlsmemPeraddrpincodeonlyaplusn -->
  <testcase classname="centralvista.LoksabhaMemberRegistration" name="addlsmemPeraddrpincodeonlyapluss" time="0.0">
    <skipped/>
  </testcase> <!-- addlsmemPeraddrpincodeonlyapluss -->
  <testcase classname="centralvista.LoksabhaMemberRegistration" name="addlsmemPeraddrpincodeonlynpluss" time="0.0">
    <skipped/>
  </testcase> <!-- addlsmemPeraddrpincodeonlynpluss -->
  <testcase classname="centralvista.LoksabhaMemberRegistration" name="addlsmemPeraddrpincodeonlynumber" time="0.0">
    <skipped/>
  </testcase> <!-- addlsmemPeraddrpincodeonlynumber -->
  <testcase classname="centralvista.LoksabhaMemberRegistration" name="addlsmemPeraddrpincodeonlyspace" time="0.0">
    <skipped/>
  </testcase> <!-- addlsmemPeraddrpincodeonlyspace -->
  <testcase classname="centralvista.LoksabhaMemberRegistration" name="addlsmemPeraddrpincodeonlyspclchars" time="0.0">
    <skipped/>
  </testcase> <!-- addlsmemPeraddrpincodeonlyspclchars -->
  <testcase classname="centralvista.LoksabhaMemberRegistration" name="addlsmemPeraddrpincodespaceatend" time="0.0">
    <skipped/>
  </testcase> <!-- addlsmemPeraddrpincodespaceatend -->
  <testcase classname="centralvista.LoksabhaMemberRegistration" name="addlsmemPeraddrpincodespaceatstarts" time="0.0">
    <skipped/>
  </testcase> <!-- addlsmemPeraddrpincodespaceatstarts -->
  <testcase classname="centralvista.LoksabhaMemberRegistration" name="addlsmemPeraddrstate" time="0.0">
    <skipped/>
  </testcase> <!-- addlsmemPeraddrstate -->
  <testcase classname="centralvista.LoksabhaMemberRegistration" name="addlsmemPeraddrvalidCity" time="0.0">
    <skipped/>
  </testcase> <!-- addlsmemPeraddrvalidCity -->
  <testcase classname="centralvista.LoksabhaMemberRegistration" name="addlsmemPeraddrvalidPinCode" time="0.0">
    <skipped/>
  </testcase> <!-- addlsmemPeraddrvalidPinCode -->
  <testcase classname="centralvista.LoksabhaMemberRegistration" name="addlsmemPeraddrvalidstate" time="0.0">
    <skipped/>
  </testcase> <!-- addlsmemPeraddrvalidstate -->
  <testcase classname="centralvista.LoksabhaMemberRegistration" name="addlsmemSpaceatend" time="0.0">
    <skipped/>
  </testcase> <!-- addlsmemSpaceatend -->
  <testcase classname="centralvista.LoksabhaMemberRegistration" name="addlsmemSpaceatlast" time="0.0">
    <skipped/>
  </testcase> <!-- addlsmemSpaceatlast -->
  <testcase classname="centralvista.LoksabhaMemberRegistration" name="addlsmemSpaceatstart" time="0.0">
    <skipped/>
  </testcase> <!-- addlsmemSpaceatstart -->
  <testcase classname="centralvista.LoksabhaMemberRegistration" name="addlsmemSpaceatstarts" time="0.0">
    <skipped/>
  </testcase> <!-- addlsmemSpaceatstarts -->
  <testcase classname="centralvista.LoksabhaMemberRegistration" name="addlsmemSpacebwFax" time="0.0">
    <skipped/>
  </testcase> <!-- addlsmemSpacebwFax -->
  <testcase classname="centralvista.LoksabhaMemberRegistration" name="addlsmemSpacebwmob" time="0.0">
    <skipped/>
  </testcase> <!-- addlsmemSpacebwmob -->
  <testcase classname="centralvista.LoksabhaMemberRegistration" name="addlsmemSpacebwoffc" time="0.0">
    <skipped/>
  </testcase> <!-- addlsmemSpacebwoffc -->
  <testcase classname="centralvista.LoksabhaMemberRegistration" name="addlsmemState" time="0.0">
    <skipped/>
  </testcase> <!-- addlsmemState -->
  <testcase classname="centralvista.LoksabhaMemberRegistration" name="addlsmemSubmit1" time="0.0">
    <skipped/>
  </testcase> <!-- addlsmemSubmit1 -->
  <testcase classname="centralvista.LoksabhaMemberRegistration" name="addlsmemTenspaceFax" time="0.0">
    <skipped/>
  </testcase> <!-- addlsmemTenspaceFax -->
  <testcase classname="centralvista.LoksabhaMemberRegistration" name="addlsmemTenspacemob" time="0.0">
    <skipped/>
  </testcase> <!-- addlsmemTenspacemob -->
  <testcase classname="centralvista.LoksabhaMemberRegistration" name="addlsmemTenspaceoffc" time="0.0">
    <skipped/>
  </testcase> <!-- addlsmemTenspaceoffc -->
  <testcase classname="centralvista.LoksabhaMemberRegistration" name="addlsmemTenzeroFax" time="0.0">
    <skipped/>
  </testcase> <!-- addlsmemTenzeroFax -->
  <testcase classname="centralvista.LoksabhaMemberRegistration" name="addlsmemTenzeromob" time="0.0">
    <skipped/>
  </testcase> <!-- addlsmemTenzeromob -->
  <testcase classname="centralvista.LoksabhaMemberRegistration" name="addlsmemTenzerooffc" time="0.0">
    <skipped/>
  </testcase> <!-- addlsmemTenzerooffc -->
  <testcase classname="centralvista.LoksabhaMemberRegistration" name="addlsmemValidConstituency" time="0.0">
    <skipped/>
  </testcase> <!-- addlsmemValidConstituency -->
  <testcase classname="centralvista.LoksabhaMemberRegistration" name="addlsmemValidIdentificationMark" time="0.0">
    <skipped/>
  </testcase> <!-- addlsmemValidIdentificationMark -->
  <testcase classname="centralvista.LoksabhaMemberRegistration" name="addlsmemValidPartyName" time="0.0">
    <skipped/>
  </testcase> <!-- addlsmemValidPartyName -->
  <testcase classname="centralvista.LoksabhaMemberRegistration" name="addlsmemValidbg" time="0.0">
    <skipped/>
  </testcase> <!-- addlsmemValidbg -->
  <testcase classname="centralvista.LoksabhaMemberRegistration" name="addlsmemValidemail" time="0.0">
    <skipped/>
  </testcase> <!-- addlsmemValidemail -->
  <testcase classname="centralvista.LoksabhaMemberRegistration" name="addlsmemValidgender" time="0.0">
    <skipped/>
  </testcase> <!-- addlsmemValidgender -->
  <testcase classname="centralvista.LoksabhaMemberRegistration" name="addlsmemValidname" time="0.0">
    <skipped/>
  </testcase> <!-- addlsmemValidname -->
  <testcase classname="centralvista.LoksabhaMemberRegistration" name="addlsmemValidstate" time="0.0">
    <skipped/>
  </testcase> <!-- addlsmemValidstate -->
  <testcase classname="centralvista.LoksabhaMemberRegistration" name="addlsmemWithoutattherate" time="0.0">
    <skipped/>
  </testcase> <!-- addlsmemWithoutattherate -->
  <testcase classname="centralvista.LoksabhaMemberRegistration" name="addlsmemWithoutdot" time="0.0">
    <skipped/>
  </testcase> <!-- addlsmemWithoutdot -->
  <testcase classname="centralvista.LoksabhaMemberRegistration" name="addlsmem_citynovlaue" time="0.0">
    <skipped/>
  </testcase> <!-- addlsmem_citynovlaue -->
  <testcase classname="centralvista.LoksabhaMemberRegistration" name="addlsmem_cityonlyaplusn" time="0.0">
    <skipped/>
  </testcase> <!-- addlsmem_cityonlyaplusn -->
  <testcase classname="centralvista.LoksabhaMemberRegistration" name="addlsmem_cityonlyapluss" time="0.0">
    <skipped/>
  </testcase> <!-- addlsmem_cityonlyapluss -->
  <testcase classname="centralvista.LoksabhaMemberRegistration" name="addlsmem_cityonlynpluss" time="0.0">
    <skipped/>
  </testcase> <!-- addlsmem_cityonlynpluss -->
  <testcase classname="centralvista.LoksabhaMemberRegistration" name="addlsmem_cityonlynumber" time="0.0">
    <skipped/>
  </testcase> <!-- addlsmem_cityonlynumber -->
  <testcase classname="centralvista.LoksabhaMemberRegistration" name="addlsmem_cityonlyspace" time="0.0">
    <skipped/>
  </testcase> <!-- addlsmem_cityonlyspace -->
  <testcase classname="centralvista.LoksabhaMemberRegistration" name="addlsmem_cityonlyspclchars" time="0.0">
    <skipped/>
  </testcase> <!-- addlsmem_cityonlyspclchars -->
  <testcase classname="centralvista.LoksabhaMemberRegistration" name="addlsmem_cityspaceatend" time="0.0">
    <skipped/>
  </testcase> <!-- addlsmem_cityspaceatend -->
  <testcase classname="centralvista.LoksabhaMemberRegistration" name="addlsmem_cityspaceatstarts" time="0.0">
    <skipped/>
  </testcase> <!-- addlsmem_cityspaceatstarts -->
  <testcase classname="centralvista.LoksabhaMemberRegistration" name="addlsmem_emptystate" time="0.0">
    <skipped/>
  </testcase> <!-- addlsmem_emptystate -->
  <testcase classname="centralvista.LoksabhaMemberRegistration" name="addlsmem_maxCity" time="0.0">
    <skipped/>
  </testcase> <!-- addlsmem_maxCity -->
  <testcase classname="centralvista.LoksabhaMemberRegistration" name="addlsmem_maxPinCode" time="0.0">
    <skipped/>
  </testcase> <!-- addlsmem_maxPinCode -->
  <testcase classname="centralvista.LoksabhaMemberRegistration" name="addlsmem_minCity" time="0.0">
    <skipped/>
  </testcase> <!-- addlsmem_minCity -->
  <testcase classname="centralvista.LoksabhaMemberRegistration" name="addlsmem_minPinCode" time="0.0">
    <skipped/>
  </testcase> <!-- addlsmem_minPinCode -->
  <testcase classname="centralvista.LoksabhaMemberRegistration" name="addlsmem_pincodenovlaue" time="0.0">
    <skipped/>
  </testcase> <!-- addlsmem_pincodenovlaue -->
  <testcase classname="centralvista.LoksabhaMemberRegistration" name="addlsmem_pincodeonlyaplusn" time="0.0">
    <skipped/>
  </testcase> <!-- addlsmem_pincodeonlyaplusn -->
  <testcase classname="centralvista.LoksabhaMemberRegistration" name="addlsmem_pincodeonlyapluss" time="0.0">
    <skipped/>
  </testcase> <!-- addlsmem_pincodeonlyapluss -->
  <testcase classname="centralvista.LoksabhaMemberRegistration" name="addlsmem_pincodeonlynpluss" time="0.0">
    <skipped/>
  </testcase> <!-- addlsmem_pincodeonlynpluss -->
  <testcase classname="centralvista.LoksabhaMemberRegistration" name="addlsmem_pincodeonlynumber" time="0.0">
    <skipped/>
  </testcase> <!-- addlsmem_pincodeonlynumber -->
  <testcase classname="centralvista.LoksabhaMemberRegistration" name="addlsmem_pincodeonlyspace" time="0.0">
    <skipped/>
  </testcase> <!-- addlsmem_pincodeonlyspace -->
  <testcase classname="centralvista.LoksabhaMemberRegistration" name="addlsmem_pincodeonlyspclchars" time="0.0">
    <skipped/>
  </testcase> <!-- addlsmem_pincodeonlyspclchars -->
  <testcase classname="centralvista.LoksabhaMemberRegistration" name="addlsmem_pincodespaceatend" time="0.0">
    <skipped/>
  </testcase> <!-- addlsmem_pincodespaceatend -->
  <testcase classname="centralvista.LoksabhaMemberRegistration" name="addlsmem_pincodespaceatstarts" time="0.0">
    <skipped/>
  </testcase> <!-- addlsmem_pincodespaceatstarts -->
  <testcase classname="centralvista.LoksabhaMemberRegistration" name="addlsmem_state" time="0.0">
    <skipped/>
  </testcase> <!-- addlsmem_state -->
  <testcase classname="centralvista.LoksabhaMemberRegistration" name="addlsmem_validCity" time="0.0">
    <skipped/>
  </testcase> <!-- addlsmem_validCity -->
  <testcase classname="centralvista.LoksabhaMemberRegistration" name="addlsmem_validPinCode" time="0.0">
    <skipped/>
  </testcase> <!-- addlsmem_validPinCode -->
  <testcase classname="centralvista.LoksabhaMemberRegistration" name="addlsmem_validstate" time="0.0">
    <skipped/>
  </testcase> <!-- addlsmem_validstate -->
  <testcase classname="centralvista.LoksabhaMemberRegistration" name="addlsmemofficemin" time="0.0">
    <skipped/>
  </testcase> <!-- addlsmemofficemin -->
  <testcase classname="centralvista.LoksabhaMemberRegistration" name="verifytitleLokSabhadashboard" time="0.0">
    <skipped/>
  </testcase> <!-- verifytitleLokSabhadashboard -->
  <testcase classname="centralvista.LoksabhaMemberRegistration" name="verifylabelSidemenuoption1" time="0.0">
    <skipped/>
  </testcase> <!-- verifylabelSidemenuoption1 -->
  <testcase classname="centralvista.LoksabhaMemberRegistration" name="verifylabelSidemenuoption2" time="0.0">
    <skipped/>
  </testcase> <!-- verifylabelSidemenuoption2 -->
  <testcase classname="centralvista.LoksabhaMemberRegistration" name="verifylabelSidemenuoption3" time="0.0">
    <skipped/>
  </testcase> <!-- verifylabelSidemenuoption3 -->
  <testcase classname="centralvista.LoksabhaMemberRegistration" name="verifylabelSidemenuoption4" time="0.0">
    <skipped/>
  </testcase> <!-- verifylabelSidemenuoption4 -->
  <testcase classname="centralvista.LoksabhaMemberRegistration" name="verifyHeader" time="0.0">
    <skipped/>
  </testcase> <!-- verifyHeader -->
  <testcase classname="centralvista.LoksabhaMemberRegistration" name="viewLokSabhaMPlist" time="0.0">
    <skipped/>
  </testcase> <!-- viewLokSabhaMPlist -->
  <testcase classname="centralvista.LoksabhaMemberRegistration" name="viewNoofRegisteredMP" time="0.001">
    <skipped/>
  </testcase> <!-- viewNoofRegisteredMP -->
  <testcase classname="centralvista.LoksabhaMemberRegistration" name="sortbyname_asc" time="0.0">
    <skipped/>
  </testcase> <!-- sortbyname_asc -->
  <testcase classname="centralvista.LoksabhaMemberRegistration" name="sortbyname_dsc" time="0.0">
    <skipped/>
  </testcase> <!-- sortbyname_dsc -->
  <testcase classname="centralvista.LoksabhaMemberRegistration" name="sortbyicard_asc" time="0.0">
    <skipped/>
  </testcase> <!-- sortbyicard_asc -->
  <testcase classname="centralvista.LoksabhaMemberRegistration" name="sortbbicard_dsc" time="0.0">
    <skipped/>
  </testcase> <!-- sortbbicard_dsc -->
  <testcase classname="centralvista.LoksabhaMemberRegistration" name="sortbyemail_asc" time="0.0">
    <skipped/>
  </testcase> <!-- sortbyemail_asc -->
  <testcase classname="centralvista.LoksabhaMemberRegistration" name="sortbyemail_dsc" time="0.0">
    <skipped/>
  </testcase> <!-- sortbyemail_dsc -->
  <testcase classname="centralvista.LoksabhaMemberRegistration" name="sortbygender_asc" time="0.0">
    <skipped/>
  </testcase> <!-- sortbygender_asc -->
  <testcase classname="centralvista.LoksabhaMemberRegistration" name="sortbygender_dsc" time="0.0">
    <skipped/>
  </testcase> <!-- sortbygender_dsc -->
  <testcase classname="centralvista.LoksabhaMemberRegistration" name="sortbycontact_asc" time="0.0">
    <skipped/>
  </testcase> <!-- sortbycontact_asc -->
  <testcase classname="centralvista.LoksabhaMemberRegistration" name="sortbycontact_dsc" time="0.0">
    <skipped/>
  </testcase> <!-- sortbycontact_dsc -->
  <testcase classname="centralvista.LoksabhaMemberRegistration" name="sortbyconst_asc" time="0.0">
    <skipped/>
  </testcase> <!-- sortbyconst_asc -->
  <testcase classname="centralvista.LoksabhaMemberRegistration" name="sortbyconst_dsc" time="0.0">
    <skipped/>
  </testcase> <!-- sortbyconst_dsc -->
  <testcase classname="centralvista.LoksabhaMemberRegistration" name="sortbyparty_asc" time="0.0">
    <skipped/>
  </testcase> <!-- sortbyparty_asc -->
  <testcase classname="centralvista.LoksabhaMemberRegistration" name="sortbyparty_dsc" time="0.0">
    <skipped/>
  </testcase> <!-- sortbyparty_dsc -->
  <testcase classname="centralvista.LoksabhaMemberRegistration" name="sortbypid_asc" time="0.0">
    <skipped/>
  </testcase> <!-- sortbypid_asc -->
  <testcase classname="centralvista.LoksabhaMemberRegistration" name="sortbypid_dsc" time="0.0">
    <skipped/>
  </testcase> <!-- sortbypid_dsc -->
  <testcase classname="centralvista.LoksabhaMemberRegistration" name="sortbybiometric_asc" time="0.0">
    <skipped/>
  </testcase> <!-- sortbybiometric_asc -->
  <testcase classname="centralvista.LoksabhaMemberRegistration" name="sortbybiometric_dsc" time="0.0">
    <skipped/>
  </testcase> <!-- sortbybiometric_dsc -->
  <testcase classname="centralvista.LoksabhaMemberRegistration" name="addLoksabhamemberform" time="0.0">
    <skipped/>
  </testcase> <!-- addLoksabhamemberform -->
  <testcase classname="centralvista.LoksabhaMemberRegistration" name="verifylabelName" time="0.0">
    <skipped/>
  </testcase> <!-- verifylabelName -->
  <testcase classname="centralvista.LoksabhaMemberRegistration" name="verifylabelGender" time="0.0">
    <skipped/>
  </testcase> <!-- verifylabelGender -->
  <testcase classname="centralvista.LoksabhaMemberRegistration" name="verifylabel_identificationmark" time="0.0">
    <skipped/>
  </testcase> <!-- verifylabel_identificationmark -->
  <testcase classname="centralvista.LoksabhaMemberRegistration" name="verifylabelDob" time="0.0">
    <skipped/>
  </testcase> <!-- verifylabelDob -->
  <testcase classname="centralvista.LoksabhaMemberRegistration" name="verifylabelBloodgroup" time="0.0">
    <skipped/>
  </testcase> <!-- verifylabelBloodgroup -->
  <testcase classname="centralvista.LoksabhaMemberRegistration" name="verifylabelEmail" time="0.0">
    <skipped/>
  </testcase> <!-- verifylabelEmail -->
  <testcase classname="centralvista.LoksabhaMemberRegistration" name="verifylabelMobilenumber" time="0.0">
    <skipped/>
  </testcase> <!-- verifylabelMobilenumber -->
  <testcase classname="centralvista.LoksabhaMemberRegistration" name="verifylabelFax" time="0.0">
    <skipped/>
  </testcase> <!-- verifylabelFax -->
  <testcase classname="centralvista.LoksabhaMemberRegistration" name="verifylabelOffcontact" time="0.0">
    <skipped/>
  </testcase> <!-- verifylabelOffcontact -->
  <testcase classname="centralvista.LoksabhaMemberRegistration" name="verifylabelState" time="0.0">
    <skipped/>
  </testcase> <!-- verifylabelState -->
  <testcase classname="centralvista.LoksabhaMemberRegistration" name="verifylabelConstituency" time="0.0">
    <skipped/>
  </testcase> <!-- verifylabelConstituency -->
  <testcase classname="centralvista.LoksabhaMemberRegistration" name="verifylabelParty" time="0.0">
    <skipped/>
  </testcase> <!-- verifylabelParty -->
  <testcase classname="centralvista.LoksabhaMemberRegistration" name="verifylabelPresentAddress" time="0.0">
    <skipped/>
  </testcase> <!-- verifylabelPresentAddress -->
  <testcase classname="centralvista.LoksabhaMemberRegistration" name="verifylabelPAflatNo" time="0.0">
    <skipped/>
  </testcase> <!-- verifylabelPAflatNo -->
  <testcase classname="centralvista.LoksabhaMemberRegistration" name="verifylabelPALocality" time="0.0">
    <skipped/>
  </testcase> <!-- verifylabelPALocality -->
  <testcase classname="centralvista.LoksabhaMemberRegistration" name="verifylabelPAstate" time="0.0">
    <skipped/>
  </testcase> <!-- verifylabelPAstate -->
  <testcase classname="centralvista.LoksabhaMemberRegistration" name="verifylabelPAcity" time="0.0">
    <skipped/>
  </testcase> <!-- verifylabelPAcity -->
  <testcase classname="centralvista.LoksabhaMemberRegistration" name="verifylabelPApincode" time="0.0">
    <skipped/>
  </testcase> <!-- verifylabelPApincode -->
  <testcase classname="centralvista.LoksabhaMemberRegistration" name="verifylabelPermanentAddress" time="0.0">
    <skipped/>
  </testcase> <!-- verifylabelPermanentAddress -->
  <testcase classname="centralvista.LoksabhaMemberRegistration" name="verifylabelPeAflatNo" time="0.0">
    <skipped/>
  </testcase> <!-- verifylabelPeAflatNo -->
  <testcase classname="centralvista.LoksabhaMemberRegistration" name="verifylabelPeALocality" time="0.0">
    <skipped/>
  </testcase> <!-- verifylabelPeALocality -->
  <testcase classname="centralvista.LoksabhaMemberRegistration" name="verifylabelPeAstate" time="0.0">
    <skipped/>
  </testcase> <!-- verifylabelPeAstate -->
  <testcase classname="centralvista.LoksabhaMemberRegistration" name="verifylabelPeAcity" time="0.0">
    <skipped/>
  </testcase> <!-- verifylabelPeAcity -->
  <testcase classname="centralvista.LoksabhaMemberRegistration" name="verifylabelPeApincode" time="0.0">
    <skipped/>
  </testcase> <!-- verifylabelPeApincode -->
  <testcase classname="centralvista.LoksabhaMemberRegistration" name="verifypresenceName" time="0.0">
    <skipped/>
  </testcase> <!-- verifypresenceName -->
  <testcase classname="centralvista.LoksabhaMemberRegistration" name="verifypresenceGender" time="0.0">
    <skipped/>
  </testcase> <!-- verifypresenceGender -->
  <testcase classname="centralvista.LoksabhaMemberRegistration" name="verifypresence_identificationmark" time="0.0">
    <skipped/>
  </testcase> <!-- verifypresence_identificationmark -->
  <testcase classname="centralvista.LoksabhaMemberRegistration" name="verifypresenceDob" time="0.0">
    <skipped/>
  </testcase> <!-- verifypresenceDob -->
  <testcase classname="centralvista.LoksabhaMemberRegistration" name="verifypresenceBloodgroup" time="0.0">
    <skipped/>
  </testcase> <!-- verifypresenceBloodgroup -->
  <testcase classname="centralvista.LoksabhaMemberRegistration" name="verifypresenceEmail" time="0.0">
    <skipped/>
  </testcase> <!-- verifypresenceEmail -->
  <testcase classname="centralvista.LoksabhaMemberRegistration" name="verifypresenceMobilenumber" time="0.0">
    <skipped/>
  </testcase> <!-- verifypresenceMobilenumber -->
  <testcase classname="centralvista.LoksabhaMemberRegistration" name="verifypresenceFax" time="0.001">
    <skipped/>
  </testcase> <!-- verifypresenceFax -->
  <testcase classname="centralvista.LoksabhaMemberRegistration" name="verifypresenceOffcontact" time="0.0">
    <skipped/>
  </testcase> <!-- verifypresenceOffcontact -->
  <testcase classname="centralvista.LoksabhaMemberRegistration" name="verifypresenceState" time="0.0">
    <skipped/>
  </testcase> <!-- verifypresenceState -->
  <testcase classname="centralvista.LoksabhaMemberRegistration" name="verifypresenceConstituency" time="0.0">
    <skipped/>
  </testcase> <!-- verifypresenceConstituency -->
  <testcase classname="centralvista.LoksabhaMemberRegistration" name="verifypresenceParty" time="0.0">
    <skipped/>
  </testcase> <!-- verifypresenceParty -->
  <testcase classname="centralvista.LoksabhaMemberRegistration" name="verifypresencePresentAddress" time="0.0">
    <skipped/>
  </testcase> <!-- verifypresencePresentAddress -->
  <testcase classname="centralvista.LoksabhaMemberRegistration" name="verifypresencePAflatNo" time="0.0">
    <skipped/>
  </testcase> <!-- verifypresencePAflatNo -->
  <testcase classname="centralvista.LoksabhaMemberRegistration" name="verifypresencePALocality" time="0.0">
    <skipped/>
  </testcase> <!-- verifypresencePALocality -->
  <testcase classname="centralvista.LoksabhaMemberRegistration" name="verifypresencePAstate" time="0.0">
    <skipped/>
  </testcase> <!-- verifypresencePAstate -->
  <testcase classname="centralvista.LoksabhaMemberRegistration" name="verifypresencePAcity" time="0.0">
    <skipped/>
  </testcase> <!-- verifypresencePAcity -->
  <testcase classname="centralvista.LoksabhaMemberRegistration" name="verifypresencePApincode" time="0.0">
    <skipped/>
  </testcase> <!-- verifypresencePApincode -->
  <testcase classname="centralvista.LoksabhaMemberRegistration" name="verifypresencePermanentAddress" time="0.0">
    <skipped/>
  </testcase> <!-- verifypresencePermanentAddress -->
  <testcase classname="centralvista.LoksabhaMemberRegistration" name="verifypresencePeAflatNo" time="0.0">
    <skipped/>
  </testcase> <!-- verifypresencePeAflatNo -->
  <testcase classname="centralvista.LoksabhaMemberRegistration" name="verifypresencePeALocality" time="0.0">
    <skipped/>
  </testcase> <!-- verifypresencePeALocality -->
  <testcase classname="centralvista.LoksabhaMemberRegistration" name="verifypresencePeAstate" time="0.0">
    <skipped/>
  </testcase> <!-- verifypresencePeAstate -->
  <testcase classname="centralvista.LoksabhaMemberRegistration" name="verifypresencePeAcity" time="0.0">
    <skipped/>
  </testcase> <!-- verifypresencePeAcity -->
  <testcase classname="centralvista.LoksabhaMemberRegistration" name="verifypresencePeApincode" time="0.0">
    <skipped/>
  </testcase> <!-- verifypresencePeApincode -->
  <testcase classname="centralvista.LoksabhaMemberRegistration" name="verifypresenceSubmitb" time="0.0">
    <skipped/>
  </testcase> <!-- verifypresenceSubmitb -->
  <testcase classname="centralvista.LoksabhaMemberRegistration" name="verifypresenceCancelb" time="0.0">
    <skipped/>
  </testcase> <!-- verifypresenceCancelb -->
  <testcase classname="centralvista.LoksabhaMemberRegistration" name="addlsmemMinname" time="0.0">
    <skipped/>
  </testcase> <!-- addlsmemMinname -->
</testsuite> <!-- Test -->
